# JRE version: OpenJDK Runtime Environment (11.0.3+12) (build 11.0.3+12-b304.39)
# Java VM: OpenJDK 64-Bit Server VM (11.0.3+12-b304.39, mixed mode, tiered, compressed oops, g1 gc, windows-amd64)
Heap:
 garbage-first heap   total 126976K, used 15281K [0x0000000084a00000, 0x0000000100000000)
  region size 1024K, 6 young (6144K), 6 survivors (6144K)
 Metaspace       used 33195K, capacity 34298K, committed 34352K, reserved 1091584K
  class space    used 4253K, capacity 4709K, committed 4736K, reserved 1048576K
GC Heap History (10 events):
Event: 5.800 GC heap before
{Heap before GC invocations=2 (full 0):
 garbage-first heap   total 126976K, used 29664K [0x0000000084a00000, 0x0000000100000000)
  region size 1024K, 23 young (23552K), 1 survivors (1024K)
 Metaspace       used 17472K, capacity 17977K, committed 18048K, reserved 1064960K
  class space    used 1968K, capacity 2155K, committed 2176K, reserved 1048576K
}
Event: 5.809 GC heap after
{Heap after GC invocations=3 (full 0):
 garbage-first heap   total 126976K, used 9355K [0x0000000084a00000, 0x0000000100000000)
  region size 1024K, 3 young (3072K), 3 survivors (3072K)
 Metaspace       used 17472K, capacity 17977K, committed 18048K, reserved 1064960K
  class space    used 1968K, capacity 2155K, committed 2176K, reserved 1048576K
}
Event: 7.052 GC heap before
{Heap before GC invocations=3 (full 0):
 garbage-first heap   total 126976K, used 30859K [0x0000000084a00000, 0x0000000100000000)
  region size 1024K, 25 young (25600K), 3 survivors (3072K)
 Metaspace       used 20720K, capacity 21239K, committed 21296K, reserved 1069056K
  class space    used 2456K, capacity 2687K, committed 2688K, reserved 1048576K
}
Event: 7.209 GC heap after
{Heap after GC invocations=4 (full 0):
 garbage-first heap   total 126976K, used 10182K [0x0000000084a00000, 0x0000000100000000)
  region size 1024K, 3 young (3072K), 3 survivors (3072K)
 Metaspace       used 20720K, capacity 21239K, committed 21296K, reserved 1069056K
  class space    used 2456K, capacity 2687K, committed 2688K, reserved 1048576K
}
Event: 9.277 GC heap before
{Heap before GC invocations=5 (full 0):
 garbage-first heap   total 126976K, used 81862K [0x0000000084a00000, 0x0000000100000000)
  region size 1024K, 74 young (75776K), 3 survivors (3072K)
 Metaspace       used 25373K, capacity 26294K, committed 26544K, reserved 1073152K
  class space    used 3161K, capacity 3515K, committed 3584K, reserved 1048576K
}
Event: 9.287 GC heap after
{Heap after GC invocations=6 (full 0):
 garbage-first heap   total 126976K, used 11888K [0x0000000084a00000, 0x0000000100000000)
  region size 1024K, 5 young (5120K), 5 survivors (5120K)
 Metaspace       used 25373K, capacity 26294K, committed 26544K, reserved 1073152K
  class space    used 3161K, capacity 3515K, committed 3584K, reserved 1048576K
}
Event: 12.321 GC heap before
{Heap before GC invocations=6 (full 0):
 garbage-first heap   total 126976K, used 81520K [0x0000000084a00000, 0x0000000100000000)
  region size 1024K, 74 young (75776K), 5 survivors (5120K)
 Metaspace       used 32065K, capacity 33136K, committed 33456K, reserved 1079296K
  class space    used 4084K, capacity 4513K, committed 4608K, reserved 1048576K
}
Event: 12.336 GC heap after
{Heap after GC invocations=7 (full 0):
 garbage-first heap   total 126976K, used 14578K [0x0000000084a00000, 0x0000000100000000)
  region size 1024K, 8 young (8192K), 8 survivors (8192K)
 Metaspace       used 32065K, capacity 33136K, committed 33456K, reserved 1079296K
  class space    used 4084K, capacity 4513K, committed 4608K, reserved 1048576K
}
Event: 12.765 GC heap before
{Heap before GC invocations=7 (full 0):
 garbage-first heap   total 126976K, used 23794K [0x0000000084a00000, 0x0000000100000000)
  region size 1024K, 18 young (18432K), 8 survivors (8192K)
 Metaspace       used 33195K, capacity 34298K, committed 34352K, reserved 1089536K
  class space    used 4253K, capacity 4709K, committed 4736K, reserved 1048576K
}
Event: 12.789 GC heap after
{Heap after GC invocations=8 (full 0):
 garbage-first heap   total 126976K, used 15281K [0x0000000084a00000, 0x0000000100000000)
  region size 1024K, 6 young (6144K), 6 survivors (6144K)
 Metaspace       used 33195K, capacity 34298K, committed 34352K, reserved 1089536K
  class space    used 4253K, capacity 4709K, committed 4736K, reserved 1048576K
}

